c:\users\chana\source\repos\computergraphics01\designpattern\singleton\singleton\debug\vc142.pdb
c:\users\chana\source\repos\computergraphics01\designpattern\singleton\singleton\debug\vc142.idb
c:\users\chana\source\repos\computergraphics01\designpattern\singleton\singleton\debug\main.obj
c:\users\chana\source\repos\computergraphics01\designpattern\singleton\debug\singleton.pdb
c:\users\chana\source\repos\computergraphics01\designpattern\singleton\singleton\debug\singleton.tlog\cl.command.1.tlog
c:\users\chana\source\repos\computergraphics01\designpattern\singleton\singleton\debug\singleton.tlog\cl.read.1.tlog
c:\users\chana\source\repos\computergraphics01\designpattern\singleton\singleton\debug\singleton.tlog\cl.write.1.tlog
c:\users\chana\source\repos\computergraphics01\designpattern\singleton\singleton\debug\singleton.tlog\link-cvtres.read.1.tlog
c:\users\chana\source\repos\computergraphics01\designpattern\singleton\singleton\debug\singleton.tlog\link-cvtres.write.1.tlog
c:\users\chana\source\repos\computergraphics01\designpattern\singleton\singleton\debug\singleton.tlog\link-rc.read.1.tlog
c:\users\chana\source\repos\computergraphics01\designpattern\singleton\singleton\debug\singleton.tlog\link-rc.write.1.tlog
c:\users\chana\source\repos\computergraphics01\designpattern\singleton\singleton\debug\singleton.tlog\link.28220-cvtres.read.1.tlog
c:\users\chana\source\repos\computergraphics01\designpattern\singleton\singleton\debug\singleton.tlog\link.28220-cvtres.write.1.tlog
c:\users\chana\source\repos\computergraphics01\designpattern\singleton\singleton\debug\singleton.tlog\link.28220-rc.read.1.tlog
c:\users\chana\source\repos\computergraphics01\designpattern\singleton\singleton\debug\singleton.tlog\link.28220-rc.write.1.tlog
c:\users\chana\source\repos\computergraphics01\designpattern\singleton\singleton\debug\singleton.tlog\link.28220.read.1.tlog
c:\users\chana\source\repos\computergraphics01\designpattern\singleton\singleton\debug\singleton.tlog\link.28220.write.1.tlog
c:\users\chana\source\repos\computergraphics01\designpattern\singleton\singleton\debug\singleton.tlog\link.command.1.tlog
c:\users\chana\source\repos\computergraphics01\designpattern\singleton\singleton\debug\singleton.tlog\link.read.1.tlog
c:\users\chana\source\repos\computergraphics01\designpattern\singleton\singleton\debug\singleton.tlog\link.write.1.tlog
